c:\users\jetumblin\desktop\rtiviewer_src\rtiviewer\src\win32\debug\vc120.pdb
c:\users\jetumblin\desktop\rtiviewer_src\rtiviewer\src\win32\debug\moc_configdlg.obj
c:\users\jetumblin\desktop\rtiviewer_src\rtiviewer\src\win32\debug\moc_aboutdlg.obj
c:\users\jetumblin\desktop\rtiviewer_src\rtiviewer\src\win32\debug\loadingdlg.obj
c:\users\jetumblin\desktop\rtiviewer_src\rtiviewer\src\win32\debug\qrc_rtiviewer.obj
c:\users\jetumblin\desktop\rtiviewer_src\rtiviewer\src\win32\debug\openremotedlg.obj
c:\users\jetumblin\desktop\rtiviewer_src\rtiviewer\src\win32\debug\navigator.obj
c:\users\jetumblin\desktop\rtiviewer_src\rtiviewer\src\win32\debug\moc_rendercontrolutils.obj
c:\users\jetumblin\desktop\rtiviewer_src\rtiviewer\src\win32\debug\moc_openremotedlg.obj
c:\users\jetumblin\desktop\rtiviewer_src\rtiviewer\src\win32\debug\moc_navigator.obj
c:\users\jetumblin\desktop\rtiviewer_src\rtiviewer\src\win32\debug\moc_loadingdlg.obj
c:\users\jetumblin\desktop\rtiviewer_src\rtiviewer\src\win32\debug\rendercontrolutils.obj
c:\users\jetumblin\desktop\rtiviewer_src\rtiviewer\src\moc\moc_aboutdlg.cpp
c:\users\jetumblin\desktop\rtiviewer_src\rtiviewer\src\moc\moc_bookmarkcontrol.cpp
c:\users\jetumblin\desktop\rtiviewer_src\rtiviewer\src\moc\moc_coeffenhanc.cpp
c:\users\jetumblin\desktop\rtiviewer_src\rtiviewer\src\moc\moc_configdlg.cpp
c:\users\jetumblin\desktop\rtiviewer_src\rtiviewer\src\moc\moc_defaultrendering.cpp
c:\users\jetumblin\desktop\rtiviewer_src\rtiviewer\src\moc\moc_detailenhanc.cpp
c:\users\jetumblin\desktop\rtiviewer_src\rtiviewer\src\moc\moc_diffusegain.cpp
c:\users\jetumblin\desktop\rtiviewer_src\rtiviewer\src\moc\moc_dyndetailenhanc.cpp
c:\users\jetumblin\desktop\rtiviewer_src\rtiviewer\src\moc\moc_gui.cpp
c:\users\jetumblin\desktop\rtiviewer_src\rtiviewer\src\moc\moc_httpthread.cpp
c:\users\jetumblin\desktop\rtiviewer_src\rtiviewer\src\moc\moc_lightcontrol.cpp
c:\users\jetumblin\desktop\rtiviewer_src\rtiviewer\src\moc\moc_loadingdlg.cpp
c:\users\jetumblin\desktop\rtiviewer_src\rtiviewer\src\moc\moc_multiviewrti.cpp
c:\users\jetumblin\desktop\rtiviewer_src\rtiviewer\src\moc\moc_navigator.cpp
c:\users\jetumblin\desktop\rtiviewer_src\rtiviewer\src\moc\moc_normalenhanc.cpp
c:\users\jetumblin\desktop\rtiviewer_src\rtiviewer\src\moc\moc_normalsrendering.cpp
c:\users\jetumblin\desktop\rtiviewer_src\rtiviewer\src\moc\moc_openremotedlg.cpp
c:\users\jetumblin\desktop\rtiviewer_src\rtiviewer\src\moc\moc_rendercontrolutils.cpp
c:\users\jetumblin\desktop\rtiviewer_src\rtiviewer\src\moc\moc_renderingdialog.cpp
c:\users\jetumblin\desktop\rtiviewer_src\rtiviewer\src\moc\moc_rtibrowser.cpp
c:\users\jetumblin\desktop\rtiviewer_src\rtiviewer\src\moc\moc_specularenhanc.cpp
c:\users\jetumblin\desktop\rtiviewer_src\rtiviewer\src\moc\moc_unsharpmasking.cpp
c:\users\jetumblin\desktop\rtiviewer_src\rtiviewer\src\generatedfiles\qrc_rtiviewer.cpp
c:\users\jetumblin\desktop\rtiviewer_src\rtiviewer\src\win32\debug\rtiviewer.tlog\cl.command.1.tlog
c:\users\jetumblin\desktop\rtiviewer_src\rtiviewer\src\win32\debug\rtiviewer.tlog\cl.read.1.tlog
c:\users\jetumblin\desktop\rtiviewer_src\rtiviewer\src\win32\debug\rtiviewer.tlog\cl.write.1.tlog
c:\users\jetumblin\desktop\rtiviewer_src\rtiviewer\src\win32\debug\rtiviewer.tlog\custombuild.command.1.tlog
c:\users\jetumblin\desktop\rtiviewer_src\rtiviewer\src\win32\debug\rtiviewer.tlog\custombuild.read.1.tlog
c:\users\jetumblin\desktop\rtiviewer_src\rtiviewer\src\win32\debug\rtiviewer.tlog\custombuild.write.1.tlog
